\BOOKMARK [1][-]{section.1}{\376\377\000I\000n\000t\000r\000o\000d\000u\000c\000t\000i\000o\000n}{}% 1
\BOOKMARK [2][-]{subsection.1.1}{\376\377\000W\000h\000a\000t\000\040\000t\000e\000a\000\040\000i\000s}{section.1}% 2
\BOOKMARK [2][-]{subsection.1.2}{\376\377\000W\000h\000a\000t\000\040\000t\000e\000a\000\040\000i\000s\000\040\000n\000o\000t}{section.1}% 3
\BOOKMARK [2][-]{subsection.1.3}{\376\377\000D\000e\000s\000i\000g\000n\000\040\000c\000h\000o\000i\000c\000e\000s\000,\000\040\000l\000o\000c\000k\000e\000d}{section.1}% 4
\BOOKMARK [1][-]{section.2}{\376\377\000I\000n\000s\000t\000a\000l\000l\000a\000t\000i\000o\000n}{}% 5
\BOOKMARK [2][-]{subsection.2.1}{\376\377\000B\000u\000i\000l\000d\000\040\000f\000r\000o\000m\000\040\000s\000o\000u\000r\000c\000e}{section.2}% 6
\BOOKMARK [2][-]{subsection.2.2}{\376\377\000D\000e\000p\000e\000n\000d\000e\000n\000c\000i\000e\000s}{section.2}% 7
\BOOKMARK [2][-]{subsection.2.3}{\376\377\000S\000a\000n\000i\000t\000y\000\040\000c\000h\000e\000c\000k}{section.2}% 8
\BOOKMARK [2][-]{subsection.2.4}{\376\377\000R\000u\000n\000n\000i\000n\000g\000\040\000i\000n\000t\000e\000r\000a\000c\000t\000i\000v\000e\000l\000y}{section.2}% 9
\BOOKMARK [1][-]{section.3}{\376\377\000Y\000o\000u\000r\000\040\000f\000i\000r\000s\000t\000\040\000t\000e\000a\000\040\000s\000e\000s\000s\000i\000o\000n}{}% 10
\BOOKMARK [1][-]{section.4}{\376\377\000T\000h\000e\000\040\000d\000o\000-\000f\000i\000l\000e\000\040\000l\000a\000n\000g\000u\000a\000g\000e}{}% 11
\BOOKMARK [2][-]{subsection.4.1}{\376\377\000C\000o\000m\000m\000e\000n\000t\000s}{section.4}% 12
\BOOKMARK [2][-]{subsection.4.2}{\376\377\000M\000a\000c\000r\000o\000s}{section.4}% 13
\BOOKMARK [2][-]{subsection.4.3}{\376\377\000C\000o\000n\000t\000r\000o\000l\000\040\000f\000l\000o\000w}{section.4}% 14
\BOOKMARK [2][-]{subsection.4.4}{\376\377\000C\000a\000p\000t\000u\000r\000e\000\040\000a\000n\000d\000\040\000q\000u\000i\000e\000t\000l\000y}{section.4}% 15
\BOOKMARK [2][-]{subsection.4.5}{\376\377\000T\000h\000e\000\040\000b\000y\000:\000\040\000p\000r\000e\000f\000i\000x}{section.4}% 16
\BOOKMARK [1][-]{section.5}{\376\377\000D\000a\000t\000a\000\040\000m\000a\000n\000a\000g\000e\000m\000e\000n\000t}{}% 17
\BOOKMARK [2][-]{subsection.5.1}{\376\377\000I\000m\000p\000o\000r\000t\000i\000n\000g\000\040\000d\000a\000t\000a}{section.5}% 18
\BOOKMARK [2][-]{subsection.5.2}{\376\377\000S\000a\000v\000i\000n\000g\000\040\000d\000a\000t\000a}{section.5}% 19
\BOOKMARK [2][-]{subsection.5.3}{\376\377\000G\000e\000n\000e\000r\000a\000t\000i\000n\000g\000\040\000a\000n\000d\000\040\000m\000o\000d\000i\000f\000y\000i\000n\000g\000\040\000v\000a\000r\000i\000a\000b\000l\000e\000s}{section.5}% 20
\BOOKMARK [2][-]{subsection.5.4}{\376\377\000e\000g\000e\000n\000\040\000e\000x\000t\000e\000n\000d\000e\000d\000\040\000g\000e\000n\000e\000r\000a\000t\000o\000r\000s}{section.5}% 21
\BOOKMARK [2][-]{subsection.5.5}{\376\377\000T\000y\000p\000e\000\040\000c\000o\000n\000v\000e\000r\000s\000i\000o\000n}{section.5}% 22
\BOOKMARK [2][-]{subsection.5.6}{\376\377\000L\000a\000b\000e\000l\000s}{section.5}% 23
\BOOKMARK [1][-]{section.6}{\376\377\000E\000x\000p\000l\000o\000r\000i\000n\000g\000\040\000d\000a\000t\000a}{}% 24
\BOOKMARK [2][-]{subsection.6.1}{\376\377\000d\000e\000s\000c\000r\000i\000b\000e}{section.6}% 25
\BOOKMARK [2][-]{subsection.6.2}{\376\377\000l\000i\000s\000t}{section.6}% 26
\BOOKMARK [2][-]{subsection.6.3}{\376\377\000s\000u\000m\000m\000a\000r\000i\000z\000e}{section.6}% 27
\BOOKMARK [2][-]{subsection.6.4}{\376\377\000t\000a\000b\000u\000l\000a\000t\000e}{section.6}% 28
\BOOKMARK [2][-]{subsection.6.5}{\376\377\000c\000o\000d\000e\000b\000o\000o\000k}{section.6}% 29
\BOOKMARK [2][-]{subsection.6.6}{\376\377\000c\000o\000u\000n\000t}{section.6}% 30
\BOOKMARK [1][-]{section.7}{\376\377\000R\000e\000s\000h\000a\000p\000i\000n\000g\000,\000\040\000m\000e\000r\000g\000i\000n\000g\000,\000\040\000a\000g\000g\000r\000e\000g\000a\000t\000i\000n\000g}{}% 31
\BOOKMARK [2][-]{subsection.7.1}{\376\377\000s\000o\000r\000t\000\040\000a\000n\000d\000\040\000g\000s\000o\000r\000t}{section.7}% 32
\BOOKMARK [2][-]{subsection.7.2}{\376\377\000r\000e\000s\000h\000a\000p\000e}{section.7}% 33
\BOOKMARK [2][-]{subsection.7.3}{\376\377\000m\000e\000r\000g\000e}{section.7}% 34
\BOOKMARK [2][-]{subsection.7.4}{\376\377\000c\000o\000l\000l\000a\000p\000s\000e}{section.7}% 35
\BOOKMARK [2][-]{subsection.7.5}{\376\377\000F\000r\000a\000m\000e\000s}{section.7}% 36
\BOOKMARK [1][-]{section.8}{\376\377\000T\000i\000m\000e\000\040\000s\000e\000r\000i\000e\000s\000\040\000a\000n\000d\000\040\000p\000a\000n\000e\000l\000\040\000d\000a\000t\000a}{}% 37
\BOOKMARK [2][-]{subsection.8.1}{\376\377\000D\000e\000c\000l\000a\000r\000i\000n\000g\000\040\000p\000a\000n\000e\000l\000\040\000/\000\040\000t\000i\000m\000e\000\040\000s\000t\000r\000u\000c\000t\000u\000r\000e}{section.8}% 38
\BOOKMARK [2][-]{subsection.8.2}{\376\377\000x\000t\000d\000e\000s\000c\000r\000i\000b\000e}{section.8}% 39
\BOOKMARK [1][-]{section.9}{\376\377\000F\000a\000c\000t\000o\000r\000\040\000v\000a\000r\000i\000a\000b\000l\000e\000s}{}% 40
\BOOKMARK [2][-]{subsection.9.1}{\376\377\000A\000t\000o\000m\000s}{section.9}% 41
\BOOKMARK [2][-]{subsection.9.2}{\376\377\000I\000n\000t\000e\000r\000a\000c\000t\000i\000o\000n\000s}{section.9}% 42
\BOOKMARK [2][-]{subsection.9.3}{\376\377\000C\000o\000e\000f\000f\000i\000c\000i\000e\000n\000t\000\040\000n\000a\000m\000i\000n\000g}{section.9}% 43
\BOOKMARK [2][-]{subsection.9.4}{\376\377\000K\000n\000o\000w\000n\000\040\000l\000i\000m\000i\000t\000a\000t\000i\000o\000n\000:\000\040\000f\000a\000c\000t\000o\000r\000\040\000\327\000\040\000T\000S\000-\000o\000p\000\040\000c\000o\000m\000p\000o\000s\000i\000t\000i\000o\000n}{section.9}% 44
\BOOKMARK [1][-]{section.10}{\376\377\000L\000i\000n\000e\000a\000r\000\040\000r\000e\000g\000r\000e\000s\000s\000i\000o\000n}{}% 45
\BOOKMARK [2][-]{subsection.10.1}{\376\377\000B\000a\000s\000i\000c\000\040\000s\000y\000n\000t\000a\000x}{section.10}% 46
\BOOKMARK [2][-]{subsection.10.2}{\376\377\000O\000u\000t\000p\000u\000t}{section.10}% 47
\BOOKMARK [2][-]{subsection.10.3}{\376\377\000R\000o\000b\000u\000s\000t\000\040\000a\000n\000d\000\040\000c\000l\000u\000s\000t\000e\000r\000e\000d\000\040\000S\000E\000s}{section.10}% 48
\BOOKMARK [2][-]{subsection.10.4}{\376\377\000C\000o\000n\000s\000t\000r\000a\000i\000n\000t\000s\000\040\000a\000n\000d\000\040\000h\000y\000p\000o\000t\000h\000e\000s\000i\000s\000\040\000t\000e\000s\000t\000s}{section.10}% 49
\BOOKMARK [1][-]{section.11}{\376\377\000P\000a\000n\000e\000l\000\040\000r\000e\000g\000r\000e\000s\000s\000i\000o\000n}{}% 50
\BOOKMARK [2][-]{subsection.11.1}{\376\377\000F\000i\000x\000e\000d\000\040\000e\000f\000f\000e\000c\000t\000s}{section.11}% 51
\BOOKMARK [2][-]{subsection.11.2}{\376\377\000R\000a\000n\000d\000o\000m\000\040\000e\000f\000f\000e\000c\000t\000s}{section.11}% 52
\BOOKMARK [2][-]{subsection.11.3}{\376\377\000B\000e\000t\000w\000e\000e\000n\000\040\000e\000f\000f\000e\000c\000t\000s}{section.11}% 53
\BOOKMARK [2][-]{subsection.11.4}{\376\377\000H\000a\000u\000s\000m\000a\000n\000\040\000t\000e\000s\000t}{section.11}% 54
\BOOKMARK [1][-]{section.12}{\376\377\000M\000a\000x\000i\000m\000u\000m\000\040\000l\000i\000k\000e\000l\000i\000h\000o\000o\000d\000\040\000e\000s\000t\000i\000m\000a\000t\000o\000r\000s}{}% 55
\BOOKMARK [2][-]{subsection.12.1}{\376\377\000l\000o\000g\000i\000t}{section.12}% 56
\BOOKMARK [2][-]{subsection.12.2}{\376\377\000p\000r\000o\000b\000i\000t}{section.12}% 57
\BOOKMARK [2][-]{subsection.12.3}{\376\377\000p\000o\000i\000s\000s\000o\000n}{section.12}% 58
\BOOKMARK [2][-]{subsection.12.4}{\376\377\000M\000a\000r\000g\000i\000n\000a\000l\000\040\000e\000f\000f\000e\000c\000t\000s\000\040\000v\000i\000a\000\040\000m\000a\000r\000g\000i\000n\000s}{section.12}% 59
\BOOKMARK [1][-]{section.13}{\376\377\000I\000n\000s\000t\000r\000u\000m\000e\000n\000t\000a\000l\000\040\000v\000a\000r\000i\000a\000b\000l\000e\000s}{}% 60
\BOOKMARK [2][-]{subsection.13.1}{\376\377\000S\000y\000n\000t\000a\000x}{section.13}% 61
\BOOKMARK [2][-]{subsection.13.2}{\376\377\000E\000x\000a\000m\000p\000l\000e}{section.13}% 62
\BOOKMARK [2][-]{subsection.13.3}{\376\377\000I\000n\000t\000e\000r\000p\000r\000e\000t\000i\000n\000g\000\040\000t\000h\000e\000\040\000f\000i\000r\000s\000t\000-\000s\000t\000a\000g\000e\000\040\000F}{section.13}% 63
\BOOKMARK [2][-]{subsection.13.4}{\376\377\000V\000a\000r\000i\000a\000n\000c\000e\000\040\000e\000s\000t\000i\000m\000a\000t\000o\000r\000s}{section.13}% 64
\BOOKMARK [1][-]{section.14}{\376\377\000T\000i\000m\000e\000\040\000s\000e\000r\000i\000e\000s\000\040\000m\000o\000d\000e\000l\000s}{}% 65
\BOOKMARK [2][-]{subsection.14.1}{\376\377\000A\000R\000I\000M\000A}{section.14}% 66
\BOOKMARK [2][-]{subsection.14.2}{\376\377\000E\000x\000a\000m\000p\000l\000e}{section.14}% 67
\BOOKMARK [1][-]{section.15}{\376\377\000P\000o\000s\000t\000-\000e\000s\000t\000i\000m\000a\000t\000i\000o\000n}{}% 68
\BOOKMARK [2][-]{subsection.15.1}{\376\377\000p\000r\000e\000d\000i\000c\000t}{section.15}% 69
\BOOKMARK [2][-]{subsection.15.2}{\376\377\000H\000y\000p\000o\000t\000h\000e\000s\000i\000s\000\040\000t\000e\000s\000t\000s}{section.15}% 70
\BOOKMARK [1][-]{section.16}{\376\377\000O\000u\000t\000p\000u\000t\000\040\000a\000n\000d\000\040\000r\000e\000p\000r\000o\000d\000u\000c\000i\000b\000i\000l\000i\000t\000y}{}% 71
\BOOKMARK [2][-]{subsection.16.1}{\376\377\000S\000a\000v\000i\000n\000g\000\040\000e\000s\000t\000i\000m\000a\000t\000e\000s}{section.16}% 72
\BOOKMARK [2][-]{subsection.16.2}{\376\377\000e\000s\000t\000o\000u\000t\000:\000\040\000p\000u\000b\000l\000i\000c\000a\000t\000i\000o\000n\000\040\000t\000a\000b\000l\000e\000s}{section.16}% 73
\BOOKMARK [2][-]{subsection.16.3}{\376\377\000l\000o\000g}{section.16}% 74
\BOOKMARK [1][-]{section.17}{\376\377\000R\000a\000n\000d\000o\000m\000\040\000n\000u\000m\000b\000e\000r\000s\000\040\000a\000n\000d\000\040\000M\000o\000n\000t\000e\000\040\000C\000a\000r\000l\000o}{}% 75
\BOOKMARK [2][-]{subsection.17.1}{\376\377\000R\000e\000p\000r\000o\000d\000u\000c\000i\000b\000i\000l\000i\000t\000y}{section.17}% 76
\BOOKMARK [2][-]{subsection.17.2}{\376\377\000F\000u\000n\000c\000t\000i\000o\000n\000s}{section.17}% 77
\BOOKMARK [2][-]{subsection.17.3}{\376\377\000A\000\040\000M\000o\000n\000t\000e\000\040\000C\000a\000r\000l\000o\000\040\000e\000x\000a\000m\000p\000l\000e}{section.17}% 78
\BOOKMARK [1][-]{section.18}{\376\377\000E\000s\000c\000a\000p\000e\000\040\000h\000a\000t\000c\000h\000e\000s\000:\000\040\000w\000h\000e\000n\000\040\000t\000o\000\040\000l\000e\000a\000v\000e\000\040\000t\000e\000a}{}% 79
\BOOKMARK [2][-]{subsection.18.1}{\376\377\000W\000h\000e\000n\000\040\000t\000o\000\040\000e\000s\000c\000a\000p\000e}{section.18}% 80
\BOOKMARK [2][-]{subsection.18.2}{\376\377\000A\000\040\000b\000r\000i\000d\000g\000e\000\040\000e\000x\000a\000m\000p\000l\000e}{section.18}% 81
\BOOKMARK [1][-]{section.19}{\376\377\000K\000n\000o\000w\000n\000\040\000v\0001\000.\0000\000\040\000l\000i\000m\000i\000t\000a\000t\000i\000o\000n\000s}{}% 82
\BOOKMARK [2][-]{subsection.19.1}{\376\377\000D\000a\000t\000a\000\040\000a\000n\000d\000\040\000m\000e\000t\000a\000d\000a\000t\000a}{section.19}% 83
\BOOKMARK [2][-]{subsection.19.2}{\376\377\000E\000c\000o\000n\000o\000m\000e\000t\000r\000i\000c\000\040\000e\000s\000t\000i\000m\000a\000t\000o\000r\000s}{section.19}% 84
\BOOKMARK [2][-]{subsection.19.3}{\376\377\000F\000a\000c\000t\000o\000r\000\040\000v\000a\000r\000i\000a\000b\000l\000e\000s}{section.19}% 85
\BOOKMARK [2][-]{subsection.19.4}{\376\377\000P\000r\000o\000g\000r\000a\000m\000m\000i\000n\000g}{section.19}% 86
\BOOKMARK [2][-]{subsection.19.5}{\376\377\000G\000r\000a\000p\000h\000i\000c\000s}{section.19}% 87
\BOOKMARK [1][-]{section.20}{\376\377\000R\000e\000p\000o\000r\000t\000i\000n\000g\000\040\000b\000u\000g\000s}{}% 88
\BOOKMARK [1][-]{appendix.A}{\376\377\000C\000o\000m\000m\000a\000n\000d\000\040\000r\000e\000f\000e\000r\000e\000n\000c\000e}{}% 89
\BOOKMARK [1][-]{appendix.B}{\376\377\000F\000u\000n\000c\000t\000i\000o\000n\000\040\000r\000e\000f\000e\000r\000e\000n\000c\000e}{}% 90
\BOOKMARK [2][-]{subsection.B.1}{\376\377\000A\000r\000i\000t\000h\000m\000e\000t\000i\000c\000\040\000a\000n\000d\000\040\000r\000o\000u\000n\000d\000i\000n\000g}{appendix.B}% 91
\BOOKMARK [2][-]{subsection.B.2}{\376\377\000E\000x\000p\000o\000n\000e\000n\000t\000i\000a\000l\000\040\000a\000n\000d\000\040\000l\000o\000g\000a\000r\000i\000t\000h\000m}{appendix.B}% 92
\BOOKMARK [2][-]{subsection.B.3}{\376\377\000T\000r\000i\000g\000o\000n\000o\000m\000e\000t\000r\000i\000c\000\040\000a\000n\000d\000\040\000h\000y\000p\000e\000r\000b\000o\000l\000i\000c}{appendix.B}% 93
\BOOKMARK [2][-]{subsection.B.4}{\376\377\000P\000r\000o\000b\000a\000b\000i\000l\000i\000t\000y\000\040\000d\000i\000s\000t\000r\000i\000b\000u\000t\000i\000o\000n\000s}{appendix.B}% 94
\BOOKMARK [2][-]{subsection.B.5}{\376\377\000R\000a\000n\000d\000o\000m\000\040\000n\000u\000m\000b\000e\000r\000\040\000g\000e\000n\000e\000r\000a\000t\000i\000o\000n}{appendix.B}% 95
\BOOKMARK [2][-]{subsection.B.6}{\376\377\000M\000i\000s\000s\000i\000n\000g\000-\000v\000a\000l\000u\000e\000\040\000t\000e\000s\000t\000s\000\040\000a\000n\000d\000\040\000r\000a\000n\000g\000e\000s}{appendix.B}% 96
\BOOKMARK [2][-]{subsection.B.7}{\376\377\000S\000t\000r\000i\000n\000g\000\040\000c\000o\000n\000s\000t\000r\000u\000c\000t\000i\000o\000n\000\040\000a\000n\000d\000\040\000i\000n\000s\000p\000e\000c\000t\000i\000o\000n}{appendix.B}% 97
\BOOKMARK [2][-]{subsection.B.8}{\376\377\000S\000t\000r\000i\000n\000g\000\040\000t\000r\000a\000n\000s\000f\000o\000r\000m\000a\000t\000i\000o\000n}{appendix.B}% 98
\BOOKMARK [2][-]{subsection.B.9}{\376\377\000R\000e\000g\000u\000l\000a\000r\000\040\000e\000x\000p\000r\000e\000s\000s\000i\000o\000n\000s\000\040\000\050\000P\000O\000S\000I\000X\000\040\000e\000x\000t\000e\000n\000d\000e\000d\000\051}{appendix.B}% 99
\BOOKMARK [2][-]{subsection.B.10}{\376\377\000N\000u\000m\000e\000r\000i\000c\000\040\000\040\000s\000t\000r\000i\000n\000g\000\040\000c\000o\000n\000v\000e\000r\000s\000i\000o\000n}{appendix.B}% 100
\BOOKMARK [2][-]{subsection.B.11}{\376\377\000C\000a\000l\000e\000n\000d\000a\000r\000:\000\040\000b\000u\000i\000l\000d\000i\000n\000g\000\040\000d\000a\000t\000e\000s}{appendix.B}% 101
\BOOKMARK [2][-]{subsection.B.12}{\376\377\000C\000a\000l\000e\000n\000d\000a\000r\000:\000\040\000e\000x\000t\000r\000a\000c\000t\000i\000n\000g\000\040\000c\000o\000m\000p\000o\000n\000e\000n\000t\000s\000\040\000f\000r\000o\000m\000\040\000a\000\040\000d\000a\000i\000l\000y\000\040\000d\000a\000t\000e}{appendix.B}% 102
\BOOKMARK [2][-]{subsection.B.13}{\376\377\000C\000a\000l\000e\000n\000d\000a\000r\000:\000\040\000c\000o\000n\000v\000e\000r\000t\000i\000n\000g\000\040\000b\000e\000t\000w\000e\000e\000n\000\040\000f\000r\000e\000q\000u\000e\000n\000c\000i\000e\000s}{appendix.B}% 103
\BOOKMARK [2][-]{subsection.B.14}{\376\377\000S\000p\000e\000c\000i\000a\000l\000:\000\040\000r\000u\000n\000n\000i\000n\000g\000\040\000a\000n\000d\000\040\000t\000i\000m\000e\000-\000s\000e\000r\000i\000e\000s\000-\000c\000o\000n\000t\000e\000x\000t}{appendix.B}% 104
\BOOKMARK [1][-]{appendix.C}{\376\377\000e\000g\000e\000n\000\040\000f\000u\000n\000c\000t\000i\000o\000n\000\040\000r\000e\000f\000e\000r\000e\000n\000c\000e}{}% 105
\BOOKMARK [2][-]{subsection.C.1}{\376\377\000G\000r\000o\000u\000p\000-\000w\000i\000s\000e\000\040\000a\000g\000g\000r\000e\000g\000a\000t\000o\000r\000s}{appendix.C}% 106
\BOOKMARK [2][-]{subsection.C.2}{\376\377\000P\000o\000s\000i\000t\000i\000o\000n\000\040\000a\000n\000d\000\040\000i\000d\000e\000n\000t\000i\000t\000y}{appendix.C}% 107
\BOOKMARK [2][-]{subsection.C.3}{\376\377\000R\000o\000w\000-\000w\000i\000s\000e\000\040\000a\000g\000g\000r\000e\000g\000a\000t\000o\000r\000s\000\040\000\050\000a\000c\000r\000o\000s\000s\000\040\000c\000o\000l\000u\000m\000n\000s\000\040\000o\000f\000\040\000a\000\040\000s\000i\000n\000g\000l\000e\000\040\000r\000o\000w\000\051}{appendix.C}% 108
\BOOKMARK [1][-]{appendix.D}{\376\377\000S\000u\000m\000m\000a\000r\000i\000z\000e\000\040\000/\000\040\000t\000a\000b\000s\000t\000a\000t\000\040\000s\000t\000a\000t\000i\000s\000t\000i\000c\000s\000\040\000k\000e\000y\000w\000o\000r\000d\000s}{}% 109
\BOOKMARK [1][-]{appendix.E}{\376\377\000S\000t\000a\000t\000a\000\040\000c\000h\000e\000a\000t\000\040\000s\000h\000e\000e\000t}{}% 110
